  MainState.cpp
D:\CS435\SnakeGame\SnakeGame\States\MainState.h(4,10): warning C4067: unexpected tokens following preprocessor directive - expected a newline
D:\CS435\SnakeGame\SnakeGame\States\MainState.cpp(7,26): warning C4244: '=': conversion from 'T' to 'float', possible loss of data
          with
          [
              T=unsigned int
          ]
D:\CS435\SnakeGame\SnakeGame\States\MainState.cpp(8,27): warning C4244: '=': conversion from 'T' to 'float', possible loss of data
          with
          [
              T=unsigned int
          ]
D:\CS435\SnakeGame\SnakeGame\States\MainState.cpp(32,104): warning C4244: 'argument': conversion from 'T' to 'T', possible loss of data
          with
          [
              T=int
          ]
          and
          [
              T=float
          ]
D:\CS435\SnakeGame\SnakeGame\States\MainState.cpp(32,69): warning C4244: 'argument': conversion from 'T' to 'T', possible loss of data
          with
          [
              T=int
          ]
          and
          [
              T=float
          ]
D:\CS435\SnakeGame\SnakeGame\States\MainState.cpp(37,104): warning C4244: 'argument': conversion from 'T' to 'T', possible loss of data
          with
          [
              T=int
          ]
          and
          [
              T=float
          ]
D:\CS435\SnakeGame\SnakeGame\States\MainState.cpp(37,69): warning C4244: 'argument': conversion from 'T' to 'T', possible loss of data
          with
          [
              T=int
          ]
          and
          [
              T=float
          ]
  SnakeGame.vcxproj -> D:\CS435\SnakeGame\x64\Debug\SnakeGame.exe
